[train: 1, 50 / 3750] FPS: 49.9 (57.5)  ,  Loss/total: 3.02222  ,  Loss/giou: 1.08056  ,  Loss/l1: 0.17222  ,  IoU: 0.09390
[train: 1, 100 / 3750] FPS: 53.3 (57.3)  ,  Loss/total: 2.82275  ,  Loss/giou: 1.00834  ,  Loss/l1: 0.16121  ,  IoU: 0.13530
[train: 1, 150 / 3750] FPS: 54.4 (57.4)  ,  Loss/total: 2.68271  ,  Loss/giou: 0.95487  ,  Loss/l1: 0.15459  ,  IoU: 0.15005
[train: 1, 50 / 3750] FPS: 50.8 (57.8)  ,  Loss/total: 3.02222  ,  Loss/giou: 1.08056  ,  Loss/l1: 0.17222  ,  IoU: 0.09390
[train: 1, 50 / 3750] FPS: 47.5 (55.5)  ,  Loss/total: 3.02222  ,  Loss/giou: 1.08056  ,  Loss/l1: 0.17222  ,  IoU: 0.09390
[train: 1, 50 / 3750] FPS: 59.7 (79.2)  ,  Loss/total: 2.58426  ,  Loss/giou: 0.85873  ,  Loss/l1: 0.17336  ,  IoU: 0.10589
[train: 1, 50 / 3750] FPS: 57.2 (72.4)  ,  Loss/total: 2.58426  ,  Loss/giou: 0.85873  ,  Loss/l1: 0.17336  ,  IoU: 0.10589
[train: 1, 100 / 3750] FPS: 63.7 (72.3)  ,  Loss/total: 2.61328  ,  Loss/giou: 0.89845  ,  Loss/l1: 0.16327  ,  IoU: 0.14273
[train: 1, 150 / 3750] FPS: 67.4 (77.6)  ,  Loss/total: 2.56644  ,  Loss/giou: 0.89023  ,  Loss/l1: 0.15720  ,  IoU: 0.15737
[train: 1, 200 / 3750] FPS: 69.6 (78.1)  ,  Loss/total: 2.57472  ,  Loss/giou: 0.89672  ,  Loss/l1: 0.15626  ,  IoU: 0.16617
[train: 1, 250 / 3750] FPS: 71.0 (77.4)  ,  Loss/total: 2.55269  ,  Loss/giou: 0.89036  ,  Loss/l1: 0.15439  ,  IoU: 0.17126
[train: 1, 300 / 3750] FPS: 72.0 (78.4)  ,  Loss/total: 2.52542  ,  Loss/giou: 0.88227  ,  Loss/l1: 0.15218  ,  IoU: 0.17391
[train: 1, 50 / 3750] FPS: 60.4 (77.1)  ,  Loss/total: 1.94337  ,  Loss/giou: 0.56065  ,  Loss/l1: 0.16441  ,  IoU: 0.06536
[train: 1, 50 / 3750] FPS: 60.6 (78.2)  ,  Loss/total: 1.94337  ,  Loss/giou: 0.56065  ,  Loss/l1: 0.16441  ,  IoU: 0.06536
[train: 1, 100 / 3750] FPS: 67.7 (80.3)  ,  Loss/total: 2.26906  ,  Loss/giou: 0.73808  ,  Loss/l1: 0.15858  ,  IoU: 0.11555
[train: 1, 50 / 3750] FPS: 61.9 (79.8)  ,  Loss/total: 2.82972  ,  Loss/giou: 0.96188  ,  Loss/l1: 0.18119  ,  IoU: 0.06988
[train: 1, 50 / 3750] FPS: 27.4 (30.3)  ,  Loss/total: 5.58301  ,  Loss/loss1: 2.52446  ,  Loss/loss2: 3.05854  ,  Loss/giou1: 0.81163  ,  Loss/giou2: 1.08803  ,  Loss/l1-1: 0.18024  ,  Loss/l1-2: 0.17650  ,  IoU1: 0.07081  ,  IoU2: 0.09918
[train: 1, 50 / 3750] FPS: 26.7 (29.3)  ,  Loss/total: 5.58301  ,  Loss/loss1: 2.52446  ,  Loss/loss2: 3.05854  ,  Loss/giou1: 0.81163  ,  Loss/giou2: 1.08803  ,  Loss/l1-1: 0.18024  ,  Loss/l1-2: 0.17650  ,  IoU1: 0.07081  ,  IoU2: 0.09918
[train: 1, 100 / 3750] FPS: 28.4 (30.7)  ,  Loss/total: 5.44864  ,  Loss/loss1: 2.61430  ,  Loss/loss2: 2.83434  ,  Loss/giou1: 0.88320  ,  Loss/giou2: 1.00652  ,  Loss/l1-1: 0.16958  ,  Loss/l1-2: 0.16426  ,  IoU1: 0.11887  ,  IoU2: 0.13892
[train: 1, 50 / 3750] FPS: 27.0 (29.1)  ,  Loss/total: 5.58301  ,  Loss/loss1: 2.52446  ,  Loss/loss2: 3.05854  ,  Loss/giou1: 0.81163  ,  Loss/giou2: 1.08803  ,  Loss/l1-1: 0.18024  ,  Loss/l1-2: 0.17650  ,  IoU1: 0.07081  ,  IoU2: 0.09918
[train: 1, 50 / 3750] FPS: 22.1 (23.3)  ,  Loss/total: 5.58301  ,  Loss/loss1: 2.52446  ,  Loss/loss2: 3.05854  ,  Loss/giou1: 0.81163  ,  Loss/giou2: 1.08803  ,  Loss/l1-1: 0.18024  ,  Loss/l1-2: 0.17650  ,  IoU1: 0.07081  ,  IoU2: 0.09918
[train: 1, 100 / 3750] FPS: 22.9 (25.1)  ,  Loss/total: 5.44864  ,  Loss/loss1: 2.61430  ,  Loss/loss2: 2.83434  ,  Loss/giou1: 0.88320  ,  Loss/giou2: 1.00652  ,  Loss/l1-1: 0.16958  ,  Loss/l1-2: 0.16426  ,  IoU1: 0.11887  ,  IoU2: 0.13892
[train: 1, 150 / 3750] FPS: 23.2 (24.7)  ,  Loss/total: 5.32284  ,  Loss/loss1: 2.59253  ,  Loss/loss2: 2.73031  ,  Loss/giou1: 0.88790  ,  Loss/giou2: 0.97080  ,  Loss/l1-1: 0.16335  ,  Loss/l1-2: 0.15774  ,  IoU1: 0.13991  ,  IoU2: 0.15525
[train: 1, 50 / 3750] FPS: 30.7 (34.8)  ,  Loss/total: 5.58301  ,  Loss/loss1: 2.52446  ,  Loss/loss2: 3.05854  ,  Loss/giou1: 0.81163  ,  Loss/giou2: 1.08803  ,  Loss/l1-1: 0.18024  ,  Loss/l1-2: 0.17650  ,  IoU1: 0.07081  ,  IoU2: 0.09918
[train: 1, 50 / 3750] FPS: 30.8 (32.3)  ,  Loss/total: 5.58301  ,  Loss/loss1: 2.52446  ,  Loss/loss2: 3.05854  ,  Loss/giou1: 0.81163  ,  Loss/giou2: 1.08803  ,  Loss/l1-1: 0.18024  ,  Loss/l1-2: 0.17650  ,  IoU1: 0.07081  ,  IoU2: 0.09918
[train: 1, 50 / 3750] FPS: 29.5 (33.4)  ,  Loss/total: 5.47492  ,  Loss/loss1: 2.89396  ,  Loss/loss2: 2.58097  ,  Loss/giou1: 0.99689  ,  Loss/giou2: 0.85512  ,  Loss/l1-1: 0.18003  ,  Loss/l1-2: 0.17415  ,  IoU1: 0.06403  ,  IoU2: 0.08817
[train: 1, 100 / 3750] FPS: 31.0 (33.5)  ,  Loss/total: 5.28937  ,  Loss/loss1: 2.77725  ,  Loss/loss2: 2.51212  ,  Loss/giou1: 0.96788  ,  Loss/giou2: 0.85157  ,  Loss/l1-1: 0.16830  ,  Loss/l1-2: 0.16180  ,  IoU1: 0.11375  ,  IoU2: 0.12791
[train: 1, 150 / 3750] FPS: 31.6 (32.2)  ,  Loss/total: 5.22651  ,  Loss/loss1: 2.70213  ,  Loss/loss2: 2.52437  ,  Loss/giou1: 0.94620  ,  Loss/giou2: 0.87222  ,  Loss/l1-1: 0.16195  ,  Loss/l1-2: 0.15599  ,  IoU1: 0.13281  ,  IoU2: 0.15298
[train: 1, 200 / 3750] FPS: 31.9 (33.4)  ,  Loss/total: 5.17152  ,  Loss/loss1: 2.66143  ,  Loss/loss2: 2.51009  ,  Loss/giou1: 0.93378  ,  Loss/giou2: 0.86891  ,  Loss/l1-1: 0.15878  ,  Loss/l1-2: 0.15446  ,  IoU1: 0.14610  ,  IoU2: 0.15987
[train: 1, 250 / 3750] FPS: 32.1 (33.1)  ,  Loss/total: 5.10939  ,  Loss/loss1: 2.61813  ,  Loss/loss2: 2.49126  ,  Loss/giou1: 0.92257  ,  Loss/giou2: 0.86848  ,  Loss/l1-1: 0.15460  ,  Loss/l1-2: 0.15086  ,  IoU1: 0.15799  ,  IoU2: 0.17099
[train: 1, 300 / 3750] FPS: 32.2 (33.3)  ,  Loss/total: 5.06770  ,  Loss/loss1: 2.59033  ,  Loss/loss2: 2.47737  ,  Loss/giou1: 0.91386  ,  Loss/giou2: 0.86814  ,  Loss/l1-1: 0.15252  ,  Loss/l1-2: 0.14822  ,  IoU1: 0.16616  ,  IoU2: 0.17893
[train: 1, 350 / 3750] FPS: 32.3 (33.3)  ,  Loss/total: 5.03307  ,  Loss/loss1: 2.57611  ,  Loss/loss2: 2.45696  ,  Loss/giou1: 0.91052  ,  Loss/giou2: 0.86506  ,  Loss/l1-1: 0.15101  ,  Loss/l1-2: 0.14537  ,  IoU1: 0.17245  ,  IoU2: 0.18710
[train: 1, 50 / 3750] FPS: 30.2 (34.4)  ,  Loss/total: 5.58301  ,  Loss/loss1: 2.52446  ,  Loss/loss2: 3.05854  ,  Loss/giou1: 0.81163  ,  Loss/giou2: 1.08803  ,  Loss/l1-1: 0.18024  ,  Loss/l1-2: 0.17650  ,  IoU1: 0.07081  ,  IoU2: 0.09918
[train: 1, 100 / 3750] FPS: 32.1 (34.5)  ,  Loss/total: 5.44864  ,  Loss/loss1: 2.61430  ,  Loss/loss2: 2.83434  ,  Loss/giou1: 0.88320  ,  Loss/giou2: 1.00652  ,  Loss/l1-1: 0.16958  ,  Loss/l1-2: 0.16426  ,  IoU1: 0.11887  ,  IoU2: 0.13892
